<?xml version="1.0" encoding="UTF-8"?>
<testsuites name="jest tests" tests="987" failures="3" errors="0" time="22.021">
  <testsuite name="serverConfig" errors="0" failures="0" skipped="0" timestamp="2025-07-30T23:35:03" time="9.312" tests="4">
    <testcase classname="serverConfig configureServer should increase EventEmitter defaultMaxListeners to 20" name="serverConfig configureServer should increase EventEmitter defaultMaxListeners to 20" time="0.01">
    </testcase>
    <testcase classname="serverConfig configureServer should increase process maxListeners to 20" name="serverConfig configureServer should increase process maxListeners to 20" time="0.001">
    </testcase>
    <testcase classname="serverConfig getMaxListenersConfig should return current configuration" name="serverConfig getMaxListenersConfig should return current configuration" time="0.002">
    </testcase>
    <testcase classname="serverConfig AbortSignal warning prevention should not emit warning with configured limits" name="serverConfig AbortSignal warning prevention should not emit warning with configured limits" time="0.004">
    </testcase>
  </testsuite>
  <testsuite name="convertTimezone validation helpers" errors="0" failures="0" skipped="0" timestamp="2025-07-30T23:35:03" time="9.539" tests="7">
    <testcase classname="convertTimezone validation helpers validateTimezones should accept valid timezone pairs" name="convertTimezone validation helpers validateTimezones should accept valid timezone pairs" time="0.022">
    </testcase>
    <testcase classname="convertTimezone validation helpers validateTimezones should throw for invalid from_timezone" name="convertTimezone validation helpers validateTimezones should throw for invalid from_timezone" time="0.003">
    </testcase>
    <testcase classname="convertTimezone validation helpers validateTimezones should throw for invalid to_timezone" name="convertTimezone validation helpers validateTimezones should throw for invalid to_timezone" time="0.003">
    </testcase>
    <testcase classname="convertTimezone validation helpers validateTimezones should throw for both invalid timezones" name="convertTimezone validation helpers validateTimezones should throw for both invalid timezones" time="0.001">
    </testcase>
    <testcase classname="convertTimezone validation helpers validateTimezones should accept UTC as special case" name="convertTimezone validation helpers validateTimezones should accept UTC as special case" time="0.002">
    </testcase>
    <testcase classname="convertTimezone validation helpers validateTimezones should accept same timezone conversion" name="convertTimezone validation helpers validateTimezones should accept same timezone conversion" time="0.001">
    </testcase>
    <testcase classname="convertTimezone validation helpers validateTimezones Debug logging should log validation attempts" name="convertTimezone validation helpers validateTimezones Debug logging should log validation attempts" time="0.002">
    </testcase>
  </testsuite>
  <testsuite name="Test Quality Meta Tests" errors="0" failures="3" skipped="0" timestamp="2025-07-30T23:35:02" time="9.691" tests="7">
    <testcase classname="Test Quality Meta Tests all tests should have at least one assertion" name="Test Quality Meta Tests all tests should have at least one assertion" time="0.184">
    </testcase>
    <testcase classname="Test Quality Meta Tests no tests should have only trivial assertions" name="Test Quality Meta Tests no tests should have only trivial assertions" time="0.052">
      <failure>Error: expect(received).toBe(expected) // Object.is equality

Expected: 0
Received: 365
    at /home/pshempel/src/local/time-node_tdd/tests/meta/test-quality.test.ts:38:33</failure>
    </testcase>
    <testcase classname="Test Quality Meta Tests async tests should properly await their assertions" name="Test Quality Meta Tests async tests should properly await their assertions" time="0.022">
      <failure>Error: expect(received).toEqual(expected) // deep equality

- Expected  - 1
+ Received  + 4

- Array []
+ Array [
+   &quot;tests/index.test.ts:48 - Async test may be missing await&quot;,
+   &quot;tests/index.test.ts:52 - Async test may be missing await&quot;,
+ ]
    at /home/pshempel/src/local/time-node_tdd/tests/meta/test-quality.test.ts:63:20</failure>
    </testcase>
    <testcase classname="Test Quality Meta Tests error handling tests should have error assertions" name="Test Quality Meta Tests error handling tests should have error assertions" time="0.051">
      <failure>Error: expect(received).toBe(expected) // Object.is equality

Expected: 0
Received: 71
    at /home/pshempel/src/local/time-node_tdd/tests/meta/test-quality.test.ts:81:43</failure>
    </testcase>
    <testcase classname="Test Quality Meta Tests no test should use console.log instead of assertions" name="Test Quality Meta Tests no test should use console.log instead of assertions" time="0.015">
    </testcase>
    <testcase classname="Test Quality Meta Tests all test files should be included in the analysis" name="Test Quality Meta Tests all test files should be included in the analysis" time="0.048">
    </testcase>
    <testcase classname="Test Quality Meta Tests should generate a comprehensive test quality report" name="Test Quality Meta Tests should generate a comprehensive test quality report" time="0.116">
    </testcase>
  </testsuite>
  <testsuite name="Integration Test Infrastructure Setup" errors="0" failures="0" skipped="0" timestamp="2025-07-30T23:35:02" time="9.695" tests="4">
    <testcase classname="Integration Test Infrastructure Setup Transport Creation should create linked transport pair" name="Integration Test Infrastructure Setup Transport Creation should create linked transport pair" time="0.01">
    </testcase>
    <testcase classname="Integration Test Infrastructure Setup Client-Server Connection should connect client and server" name="Integration Test Infrastructure Setup Client-Server Connection should connect client and server" time="0.046">
    </testcase>
    <testcase classname="Integration Test Infrastructure Setup Connection Cleanup should properly close connections" name="Integration Test Infrastructure Setup Connection Cleanup should properly close connections" time="0.038">
    </testcase>
    <testcase classname="Integration Test Infrastructure Setup Test with Rate Limit Options should create environment with custom rate limits" name="Integration Test Infrastructure Setup Test with Rate Limit Options should create environment with custom rate limits" time="0.01">
    </testcase>
  </testsuite>
  <testsuite name="MCP Time Server" errors="0" failures="0" skipped="0" timestamp="2025-07-30T23:35:03" time="9.719" tests="12">
    <testcase classname="MCP Time Server Server Setup should create server with correct info" name="MCP Time Server Server Setup should create server with correct info" time="0.01">
    </testcase>
    <testcase classname="MCP Time Server Server Setup should register tool handlers" name="MCP Time Server Server Setup should register tool handlers" time="0.001">
    </testcase>
    <testcase classname="MCP Time Server ListTools Handler should return all 8 tools" name="MCP Time Server ListTools Handler should return all 8 tools" time="0.007">
    </testcase>
    <testcase classname="MCP Time Server ListTools Handler should return correct tool names" name="MCP Time Server ListTools Handler should return correct tool names" time="0.003">
    </testcase>
    <testcase classname="MCP Time Server ListTools Handler should include proper input schemas for each tool" name="MCP Time Server ListTools Handler should include proper input schemas for each tool" time="0.004">
    </testcase>
    <testcase classname="MCP Time Server CallTool Handler get_current_time should call getCurrentTime tool with correct params" name="MCP Time Server CallTool Handler get_current_time should call getCurrentTime tool with correct params" time="0.008">
    </testcase>
    <testcase classname="MCP Time Server CallTool Handler convert_timezone should call convertTimezone tool with correct params" name="MCP Time Server CallTool Handler convert_timezone should call convertTimezone tool with correct params" time="0.001">
    </testcase>
    <testcase classname="MCP Time Server CallTool Handler Error handling should handle unknown tool error" name="MCP Time Server CallTool Handler Error handling should handle unknown tool error" time="0.008">
    </testcase>
    <testcase classname="MCP Time Server CallTool Handler Error handling should handle tool execution errors" name="MCP Time Server CallTool Handler Error handling should handle tool execution errors" time="0.002">
    </testcase>
    <testcase classname="MCP Time Server CallTool Handler Error handling should pass through properly formatted tool errors" name="MCP Time Server CallTool Handler Error handling should pass through properly formatted tool errors" time="0.001">
    </testcase>
    <testcase classname="MCP Time Server CallTool Handler All tools integration should handle all 8 tools" name="MCP Time Server CallTool Handler All tools integration should handle all 8 tools" time="0.01">
    </testcase>
    <testcase classname="MCP Time Server Environment Configuration should read configuration from environment variables" name="MCP Time Server Environment Configuration should read configuration from environment variables" time="0">
    </testcase>
  </testsuite>
  <testsuite name="get_business_days integration" errors="0" failures="0" skipped="0" timestamp="2025-07-30T23:35:03" time="9.86" tests="3">
    <testcase classname="get_business_days integration should execute get_business_days with basic parameters" name="get_business_days integration should execute get_business_days with basic parameters" time="0.069">
    </testcase>
    <testcase classname="get_business_days integration should handle holidays" name="get_business_days integration should handle holidays" time="0.011">
    </testcase>
    <testcase classname="get_business_days integration should handle include weekends option" name="get_business_days integration should handle include weekends option" time="0.005">
    </testcase>
  </testsuite>
  <testsuite name="subtract_time integration" errors="0" failures="0" skipped="0" timestamp="2025-07-30T23:35:03" time="9.906" tests="3">
    <testcase classname="subtract_time integration should execute subtract_time with basic parameters" name="subtract_time integration should execute subtract_time with basic parameters" time="0.07">
    </testcase>
    <testcase classname="subtract_time integration should execute subtract_time with timezone" name="subtract_time integration should execute subtract_time with timezone" time="0.01">
    </testcase>
    <testcase classname="subtract_time integration should handle subtract_time validation errors" name="subtract_time integration should handle subtract_time validation errors" time="0.006">
    </testcase>
  </testsuite>
  <testsuite name="get_current_time integration" errors="0" failures="0" skipped="0" timestamp="2025-07-30T23:35:02" time="9.953" tests="3">
    <testcase classname="get_current_time integration should execute get_current_time with default params" name="get_current_time integration should execute get_current_time with default params" time="0.078">
    </testcase>
    <testcase classname="get_current_time integration should execute get_current_time with specific timezone" name="get_current_time integration should execute get_current_time with specific timezone" time="0.01">
    </testcase>
    <testcase classname="get_current_time integration should use UTC when empty string timezone provided" name="get_current_time integration should use UTC when empty string timezone provided" time="0.008">
    </testcase>
  </testsuite>
  <testsuite name="next_occurrence integration" errors="0" failures="0" skipped="0" timestamp="2025-07-30T23:35:03" time="9.919" tests="4">
    <testcase classname="next_occurrence integration should execute next_occurrence for daily pattern" name="next_occurrence integration should execute next_occurrence for daily pattern" time="0.106">
    </testcase>
    <testcase classname="next_occurrence integration should execute next_occurrence for weekly pattern" name="next_occurrence integration should execute next_occurrence for weekly pattern" time="0.013">
    </testcase>
    <testcase classname="next_occurrence integration should execute next_occurrence for monthly pattern" name="next_occurrence integration should execute next_occurrence for monthly pattern" time="0.011">
    </testcase>
    <testcase classname="next_occurrence integration should handle validation errors" name="next_occurrence integration should handle validation errors" time="0.006">
    </testcase>
  </testsuite>
  <testsuite name="MaxListenersExceededWarning prevention" errors="0" failures="0" skipped="0" timestamp="2025-07-30T23:35:03" time="9.93" tests="3">
    <testcase classname="MaxListenersExceededWarning prevention should have proper maxListeners configuration" name="MaxListenersExceededWarning prevention should have proper maxListeners configuration" time="0.01">
    </testcase>
    <testcase classname="MaxListenersExceededWarning prevention should handle many concurrent requests without MaxListenersExceededWarning" name="MaxListenersExceededWarning prevention should handle many concurrent requests without MaxListenersExceededWarning" time="0.089">
    </testcase>
    <testcase classname="MaxListenersExceededWarning prevention should handle rapid sequential requests without warnings" name="MaxListenersExceededWarning prevention should handle rapid sequential requests without warnings" time="0.03">
    </testcase>
  </testsuite>
  <testsuite name="add_time integration" errors="0" failures="0" skipped="0" timestamp="2025-07-30T23:35:03" time="9.985" tests="3">
    <testcase classname="add_time integration should execute add_time with basic parameters" name="add_time integration should execute add_time with basic parameters" time="0.075">
    </testcase>
    <testcase classname="add_time integration should execute add_time with timezone" name="add_time integration should execute add_time with timezone" time="0.011">
    </testcase>
    <testcase classname="add_time integration should handle add_time validation errors" name="add_time integration should handle add_time validation errors" time="0.009">
    </testcase>
  </testsuite>
  <testsuite name="calculateBusinessHours" errors="0" failures="0" skipped="0" timestamp="2025-07-30T23:35:12" time="0.401" tests="27">
    <testcase classname="calculateBusinessHours Basic functionality should calculate business hours for a single day within business hours" name="calculateBusinessHours Basic functionality should calculate business hours for a single day within business hours" time="0.016">
    </testcase>
    <testcase classname="calculateBusinessHours Basic functionality should use default business hours (9 AM - 5 PM) when not specified" name="calculateBusinessHours Basic functionality should use default business hours (9 AM - 5 PM) when not specified" time="0.002">
    </testcase>
    <testcase classname="calculateBusinessHours Basic functionality should handle multi-day calculations" name="calculateBusinessHours Basic functionality should handle multi-day calculations" time="0.003">
    </testcase>
    <testcase classname="calculateBusinessHours Weekend handling should exclude weekends by default" name="calculateBusinessHours Weekend handling should exclude weekends by default" time="0.004">
    </testcase>
    <testcase classname="calculateBusinessHours Weekend handling should include weekends when include_weekends is true" name="calculateBusinessHours Weekend handling should include weekends when include_weekends is true" time="0.002">
    </testcase>
    <testcase classname="calculateBusinessHours Custom business hours should use custom business hours when provided" name="calculateBusinessHours Custom business hours should use custom business hours when provided" time="0.002">
    </testcase>
    <testcase classname="calculateBusinessHours Custom business hours should support different hours per day of week" name="calculateBusinessHours Custom business hours should support different hours per day of week" time="0.003">
    </testcase>
    <testcase classname="calculateBusinessHours Holiday handling should exclude holidays from business hours" name="calculateBusinessHours Holiday handling should exclude holidays from business hours" time="0.003">
    </testcase>
    <testcase classname="calculateBusinessHours Holiday handling should handle holidays on weekends correctly" name="calculateBusinessHours Holiday handling should handle holidays on weekends correctly" time="0.004">
    </testcase>
    <testcase classname="calculateBusinessHours Edge cases should handle start time exactly at business start" name="calculateBusinessHours Edge cases should handle start time exactly at business start" time="0.001">
    </testcase>
    <testcase classname="calculateBusinessHours Edge cases should handle end time exactly at business end" name="calculateBusinessHours Edge cases should handle end time exactly at business end" time="0.002">
    </testcase>
    <testcase classname="calculateBusinessHours Edge cases should handle start after business hours" name="calculateBusinessHours Edge cases should handle start after business hours" time="0.002">
    </testcase>
    <testcase classname="calculateBusinessHours Edge cases should handle end before business hours" name="calculateBusinessHours Edge cases should handle end before business hours" time="0.001">
    </testcase>
    <testcase classname="calculateBusinessHours Edge cases should return 0 hours for non-business time range" name="calculateBusinessHours Edge cases should return 0 hours for non-business time range" time="0.002">
    </testcase>
    <testcase classname="calculateBusinessHours Edge cases should handle same start and end time" name="calculateBusinessHours Edge cases should handle same start and end time" time="0.001">
    </testcase>
    <testcase classname="calculateBusinessHours Timezone handling should use system timezone by default" name="calculateBusinessHours Timezone handling should use system timezone by default" time="0.001">
    </testcase>
    <testcase classname="calculateBusinessHours Timezone handling should use UTC when timezone is empty string" name="calculateBusinessHours Timezone handling should use UTC when timezone is empty string" time="0.002">
    </testcase>
    <testcase classname="calculateBusinessHours Timezone handling should calculate business hours in specified timezone" name="calculateBusinessHours Timezone handling should calculate business hours in specified timezone" time="0.003">
    </testcase>
    <testcase classname="calculateBusinessHours Error handling should throw error for invalid timezone" name="calculateBusinessHours Error handling should throw error for invalid timezone" time="0.001">
    </testcase>
    <testcase classname="calculateBusinessHours Error handling should throw error for invalid start time" name="calculateBusinessHours Error handling should throw error for invalid start time" time="0.001">
    </testcase>
    <testcase classname="calculateBusinessHours Error handling should throw error for invalid end time" name="calculateBusinessHours Error handling should throw error for invalid end time" time="0.001">
    </testcase>
    <testcase classname="calculateBusinessHours Error handling should throw error for invalid holiday date" name="calculateBusinessHours Error handling should throw error for invalid holiday date" time="0.001">
    </testcase>
    <testcase classname="calculateBusinessHours Error handling should throw error for end time before start time" name="calculateBusinessHours Error handling should throw error for end time before start time" time="0.001">
    </testcase>
    <testcase classname="calculateBusinessHours Error handling should throw error for invalid business hours" name="calculateBusinessHours Error handling should throw error for invalid business hours" time="0.001">
    </testcase>
    <testcase classname="calculateBusinessHours Caching behavior should cache results" name="calculateBusinessHours Caching behavior should cache results" time="0.003">
    </testcase>
    <testcase classname="calculateBusinessHours Caching behavior should return cached result when available" name="calculateBusinessHours Caching behavior should return cached result when available" time="0.001">
    </testcase>
    <testcase classname="calculateBusinessHours Caching behavior should use different cache keys for different parameters" name="calculateBusinessHours Caching behavior should use different cache keys for different parameters" time="0.002">
    </testcase>
  </testsuite>
  <testsuite name="format_time integration" errors="0" failures="0" skipped="0" timestamp="2025-07-30T23:35:03" time="10.082" tests="5">
    <testcase classname="format_time integration should execute format_time with relative format" name="format_time integration should execute format_time with relative format" time="0.094">
    </testcase>
    <testcase classname="format_time integration should execute format_time with calendar format" name="format_time integration should execute format_time with calendar format" time="0.012">
    </testcase>
    <testcase classname="format_time integration should execute format_time with custom format" name="format_time integration should execute format_time with custom format" time="0.007">
    </testcase>
    <testcase classname="format_time integration should handle timezone in formatting" name="format_time integration should handle timezone in formatting" time="0.007">
    </testcase>
    <testcase classname="format_time integration should handle validation errors" name="format_time integration should handle validation errors" time="0.007">
    </testcase>
  </testsuite>
  <testsuite name="Advanced Integration Tests" errors="0" failures="0" skipped="0" timestamp="2025-07-30T23:35:03" time="10.137" tests="10">
    <testcase classname="Advanced Integration Tests Concurrent Requests should handle concurrent requests" name="Advanced Integration Tests Concurrent Requests should handle concurrent requests" time="0.087">
    </testcase>
    <testcase classname="Advanced Integration Tests Concurrent Requests should handle many concurrent requests" name="Advanced Integration Tests Concurrent Requests should handle many concurrent requests" time="0.035">
    </testcase>
    <testcase classname="Advanced Integration Tests Concurrent Requests should handle concurrent requests with different tools" name="Advanced Integration Tests Concurrent Requests should handle concurrent requests with different tools" time="0.02">
    </testcase>
    <testcase classname="Advanced Integration Tests Concurrent Requests should handle concurrent requests with errors" name="Advanced Integration Tests Concurrent Requests should handle concurrent requests with errors" time="0.006">
    </testcase>
    <testcase classname="Advanced Integration Tests Message Ordering should maintain message order" name="Advanced Integration Tests Message Ordering should maintain message order" time="0.011">
    </testcase>
    <testcase classname="Advanced Integration Tests Message Ordering should assign unique message IDs" name="Advanced Integration Tests Message Ordering should assign unique message IDs" time="0.016">
    </testcase>
    <testcase classname="Advanced Integration Tests Message Ordering should match request and response IDs" name="Advanced Integration Tests Message Ordering should match request and response IDs" time="0.006">
    </testcase>
    <testcase classname="Advanced Integration Tests Message Ordering should handle interleaved concurrent requests correctly" name="Advanced Integration Tests Message Ordering should handle interleaved concurrent requests correctly" time="0.008">
    </testcase>
    <testcase classname="Advanced Integration Tests Performance and Stress Tests should handle rapid sequential requests" name="Advanced Integration Tests Performance and Stress Tests should handle rapid sequential requests" time="0.01">
    </testcase>
    <testcase classname="Advanced Integration Tests Performance and Stress Tests should handle mixed concurrent and sequential requests" name="Advanced Integration Tests Performance and Stress Tests should handle mixed concurrent and sequential requests" time="0.007">
    </testcase>
  </testsuite>
  <testsuite name="Rate Limiting Integration" errors="0" failures="0" skipped="0" timestamp="2025-07-30T23:35:12" time="0.443" tests="5">
    <testcase classname="Rate Limiting Integration should enforce rate limits through protocol" name="Rate Limiting Integration should enforce rate limits through protocol" time="0.023">
    </testcase>
    <testcase classname="Rate Limiting Integration should allow requests after rate limit window" name="Rate Limiting Integration should allow requests after rate limit window" time="0.022">
    </testcase>
    <testcase classname="Rate Limiting Integration should provide retry-after information" name="Rate Limiting Integration should provide retry-after information" time="0.007">
    </testcase>
    <testcase classname="Rate Limiting Integration should apply rate limiting per-client" name="Rate Limiting Integration should apply rate limiting per-client" time="0.01">
    </testcase>
    <testcase classname="Rate Limiting Integration should count different tools towards same rate limit" name="Rate Limiting Integration should count different tools towards same rate limit" time="0.013">
    </testcase>
  </testsuite>
  <testsuite name="nextOccurrence" errors="0" failures="0" skipped="0" timestamp="2025-07-30T23:35:12" time="0.306" tests="45">
    <testcase classname="nextOccurrence Daily pattern should find next daily occurrence at specific time" name="nextOccurrence Daily pattern should find next daily occurrence at specific time" time="0.007">
    </testcase>
    <testcase classname="nextOccurrence Daily pattern should find next daily occurrence when time has passed" name="nextOccurrence Daily pattern should find next daily occurrence when time has passed" time="0.002">
    </testcase>
    <testcase classname="nextOccurrence Daily pattern should handle daily pattern without specific time" name="nextOccurrence Daily pattern should handle daily pattern without specific time" time="0.002">
    </testcase>
    <testcase classname="nextOccurrence Daily pattern should handle daily pattern with timezone" name="nextOccurrence Daily pattern should handle daily pattern with timezone" time="0.003">
    </testcase>
    <testcase classname="nextOccurrence Weekly pattern should find next occurrence of specific weekday" name="nextOccurrence Weekly pattern should find next occurrence of specific weekday" time="0.002">
    </testcase>
    <testcase classname="nextOccurrence Weekly pattern should find next occurrence when on the same weekday" name="nextOccurrence Weekly pattern should find next occurrence when on the same weekday" time="0.002">
    </testcase>
    <testcase classname="nextOccurrence Weekly pattern should handle Sunday (0) correctly" name="nextOccurrence Weekly pattern should handle Sunday (0) correctly" time="0.005">
    </testcase>
    <testcase classname="nextOccurrence Weekly pattern should handle Saturday (6) correctly" name="nextOccurrence Weekly pattern should handle Saturday (6) correctly" time="0.001">
    </testcase>
    <testcase classname="nextOccurrence Weekly pattern should handle weekly with specific time" name="nextOccurrence Weekly pattern should handle weekly with specific time" time="0.003">
    </testcase>
    <testcase classname="nextOccurrence Weekly pattern should handle weekly when time has passed today" name="nextOccurrence Weekly pattern should handle weekly when time has passed today" time="0.001">
    </testcase>
    <testcase classname="nextOccurrence Monthly pattern should find next occurrence on specific day of month" name="nextOccurrence Monthly pattern should find next occurrence on specific day of month" time="0.001">
    </testcase>
    <testcase classname="nextOccurrence Monthly pattern should handle when day has passed this month" name="nextOccurrence Monthly pattern should handle when day has passed this month" time="0.002">
    </testcase>
    <testcase classname="nextOccurrence Monthly pattern should handle same day of month" name="nextOccurrence Monthly pattern should handle same day of month" time="0.001">
    </testcase>
    <testcase classname="nextOccurrence Monthly pattern should handle last day of month (31st)" name="nextOccurrence Monthly pattern should handle last day of month (31st)" time="0.005">
    </testcase>
    <testcase classname="nextOccurrence Monthly pattern should handle 31st in months with fewer days" name="nextOccurrence Monthly pattern should handle 31st in months with fewer days" time="0.002">
    </testcase>
    <testcase classname="nextOccurrence Monthly pattern should handle February 29 in non-leap year" name="nextOccurrence Monthly pattern should handle February 29 in non-leap year" time="0.001">
    </testcase>
    <testcase classname="nextOccurrence Monthly pattern should handle monthly with specific time" name="nextOccurrence Monthly pattern should handle monthly with specific time" time="0.003">
    </testcase>
    <testcase classname="nextOccurrence Yearly pattern should find next yearly occurrence" name="nextOccurrence Yearly pattern should find next yearly occurrence" time="0.002">
    </testcase>
    <testcase classname="nextOccurrence Yearly pattern should handle leap year for Feb 29" name="nextOccurrence Yearly pattern should handle leap year for Feb 29" time="0.001">
    </testcase>
    <testcase classname="nextOccurrence Yearly pattern should handle yearly with specific time" name="nextOccurrence Yearly pattern should handle yearly with specific time" time="0.001">
    </testcase>
    <testcase classname="nextOccurrence Custom start_from should calculate from custom start date" name="nextOccurrence Custom start_from should calculate from custom start date" time="0.001">
    </testcase>
    <testcase classname="nextOccurrence Custom start_from should handle timezone in start_from" name="nextOccurrence Custom start_from should handle timezone in start_from" time="0.002">
    </testcase>
    <testcase classname="nextOccurrence Edge cases should handle pattern case-insensitively" name="nextOccurrence Edge cases should handle pattern case-insensitively" time="0.003">
    </testcase>
    <testcase classname="nextOccurrence Edge cases should default missing parameters appropriately" name="nextOccurrence Edge cases should default missing parameters appropriately" time="0.002">
    </testcase>
    <testcase classname="nextOccurrence Edge cases should handle DST transitions" name="nextOccurrence Edge cases should handle DST transitions" time="0.001">
    </testcase>
    <testcase classname="nextOccurrence Error handling should throw error for invalid pattern" name="nextOccurrence Error handling should throw error for invalid pattern" time="0.001">
    </testcase>
    <testcase classname="nextOccurrence Error handling should throw error for invalid day_of_week" name="nextOccurrence Error handling should throw error for invalid day_of_week" time="0.002">
    </testcase>
    <testcase classname="nextOccurrence Error handling should throw error for invalid day_of_month" name="nextOccurrence Error handling should throw error for invalid day_of_month" time="0.002">
    </testcase>
    <testcase classname="nextOccurrence Error handling should throw error for invalid time format" name="nextOccurrence Error handling should throw error for invalid time format" time="0.002">
    </testcase>
    <testcase classname="nextOccurrence Error handling should throw error for invalid timezone" name="nextOccurrence Error handling should throw error for invalid timezone" time="0.01">
    </testcase>
    <testcase classname="nextOccurrence Error handling should throw error for invalid start_from date" name="nextOccurrence Error handling should throw error for invalid start_from date" time="0.002">
    </testcase>
    <testcase classname="nextOccurrence Caching should cache results for 1 hour" name="nextOccurrence Caching should cache results for 1 hour" time="0.005">
    </testcase>
    <testcase classname="nextOccurrence Caching should return cached result if available" name="nextOccurrence Caching should return cached result if available" time="0.001">
    </testcase>
    <testcase classname="nextOccurrence Caching should use different cache keys for different parameters" name="nextOccurrence Caching should use different cache keys for different parameters" time="0.001">
    </testcase>
    <testcase classname="nextOccurrence Response format should return all required fields" name="nextOccurrence Response format should return all required fields" time="0.004">
    </testcase>
    <testcase classname="nextOccurrence Response format should return ISO8601 format for next" name="nextOccurrence Response format should return ISO8601 format for next" time="0.001">
    </testcase>
    <testcase classname="nextOccurrence Response format should calculate unix timestamp correctly" name="nextOccurrence Response format should calculate unix timestamp correctly" time="0.001">
    </testcase>
    <testcase classname="nextOccurrence Response format should calculate days_until as whole days" name="nextOccurrence Response format should calculate days_until as whole days" time="0.001">
    </testcase>
    <testcase classname="nextOccurrence System timezone defaults should use system timezone when no timezone parameter provided" name="nextOccurrence System timezone defaults should use system timezone when no timezone parameter provided" time="0.002">
    </testcase>
    <testcase classname="nextOccurrence System timezone defaults should still use UTC when empty string timezone provided (backward compatibility)" name="nextOccurrence System timezone defaults should still use UTC when empty string timezone provided (backward compatibility)" time="0.001">
    </testcase>
    <testcase classname="nextOccurrence System timezone defaults should use explicit timezone parameter over system default" name="nextOccurrence System timezone defaults should use explicit timezone parameter over system default" time="0.002">
    </testcase>
    <testcase classname="nextOccurrence System timezone defaults should apply system timezone for weekly pattern" name="nextOccurrence System timezone defaults should apply system timezone for weekly pattern" time="0.001">
    </testcase>
    <testcase classname="nextOccurrence System timezone defaults should apply system timezone for monthly pattern" name="nextOccurrence System timezone defaults should apply system timezone for monthly pattern" time="0.002">
    </testcase>
    <testcase classname="nextOccurrence System timezone defaults should apply system timezone for yearly pattern" name="nextOccurrence System timezone defaults should apply system timezone for yearly pattern" time="0.001">
    </testcase>
    <testcase classname="nextOccurrence System timezone defaults should handle system timezone in cache key" name="nextOccurrence System timezone defaults should handle system timezone in cache key" time="0.002">
    </testcase>
  </testsuite>
  <testsuite name="calculate_business_hours integration" errors="0" failures="0" skipped="0" timestamp="2025-07-30T23:35:12" time="0.297" tests="10">
    <testcase classname="calculate_business_hours integration should calculate business hours for a single day" name="calculate_business_hours integration should calculate business hours for a single day" time="0.016">
    </testcase>
    <testcase classname="calculate_business_hours integration should handle custom business hours" name="calculate_business_hours integration should handle custom business hours" time="0.006">
    </testcase>
    <testcase classname="calculate_business_hours integration should handle weekends correctly" name="calculate_business_hours integration should handle weekends correctly" time="0.006">
    </testcase>
    <testcase classname="calculate_business_hours integration should handle holidays" name="calculate_business_hours integration should handle holidays" time="0.008">
    </testcase>
    <testcase classname="calculate_business_hours integration should handle timezone parameter" name="calculate_business_hours integration should handle timezone parameter" time="0.007">
    </testcase>
    <testcase classname="calculate_business_hours integration should handle weekly business hours schedule" name="calculate_business_hours integration should handle weekly business hours schedule" time="0.01">
    </testcase>
    <testcase classname="calculate_business_hours integration should handle invalid timezone" name="calculate_business_hours integration should handle invalid timezone" time="0.004">
    </testcase>
    <testcase classname="calculate_business_hours integration should handle invalid date format" name="calculate_business_hours integration should handle invalid date format" time="0.005">
    </testcase>
    <testcase classname="calculate_business_hours integration should use UTC with empty string timezone" name="calculate_business_hours integration should use UTC with empty string timezone" time="0.005">
    </testcase>
    <testcase classname="calculate_business_hours integration should include weekends when specified" name="calculate_business_hours integration should include weekends when specified" time="0.005">
    </testcase>
  </testsuite>
  <testsuite name="calculateDuration validation helpers" errors="0" failures="0" skipped="0" timestamp="2025-07-30T23:35:12" time="0.554" tests="6">
    <testcase classname="calculateDuration validation helpers validateUnit should return &quot;auto&quot; when undefined" name="calculateDuration validation helpers validateUnit should return &quot;auto&quot; when undefined" time="0.002">
    </testcase>
    <testcase classname="calculateDuration validation helpers validateUnit should return the unit when valid" name="calculateDuration validation helpers validateUnit should return the unit when valid" time="0.001">
    </testcase>
    <testcase classname="calculateDuration validation helpers validateUnit should throw for invalid unit" name="calculateDuration validation helpers validateUnit should throw for invalid unit" time="0.001">
    </testcase>
    <testcase classname="calculateDuration validation helpers resolveTimezone should return default timezone when undefined" name="calculateDuration validation helpers resolveTimezone should return default timezone when undefined" time="0.001">
    </testcase>
    <testcase classname="calculateDuration validation helpers resolveTimezone should return UTC when empty string" name="calculateDuration validation helpers resolveTimezone should return UTC when empty string" time="0.001">
    </testcase>
    <testcase classname="calculateDuration validation helpers resolveTimezone should return provided timezone when valid" name="calculateDuration validation helpers resolveTimezone should return provided timezone when valid" time="0">
    </testcase>
  </testsuite>
  <testsuite name="calculate_duration integration" errors="0" failures="0" skipped="0" timestamp="2025-07-30T23:35:03" time="10.265" tests="3">
    <testcase classname="calculate_duration integration should execute calculate_duration with basic parameters" name="calculate_duration integration should execute calculate_duration with basic parameters" time="0.089">
    </testcase>
    <testcase classname="calculate_duration integration should handle negative duration" name="calculate_duration integration should handle negative duration" time="0.01">
    </testcase>
    <testcase classname="calculate_duration integration should handle calculate_duration with timezone" name="calculate_duration integration should handle calculate_duration with timezone" time="0.012">
    </testcase>
  </testsuite>
  <testsuite name="days_until integration" errors="0" failures="0" skipped="0" timestamp="2025-07-30T23:35:12" time="0.364" tests="13">
    <testcase classname="days_until integration should calculate days until a future date" name="days_until integration should calculate days until a future date" time="0.011">
    </testcase>
    <testcase classname="days_until integration should return 0 for today" name="days_until integration should return 0 for today" time="0.011">
    </testcase>
    <testcase classname="days_until integration should return negative days for past dates" name="days_until integration should return negative days for past dates" time="0.009">
    </testcase>
    <testcase classname="days_until integration should format as &quot;Today&quot; when format_result is true" name="days_until integration should format as &quot;Today&quot; when format_result is true" time="0.008">
    </testcase>
    <testcase classname="days_until integration should format as &quot;Tomorrow&quot; for next day" name="days_until integration should format as &quot;Tomorrow&quot; for next day" time="0.009">
    </testcase>
    <testcase classname="days_until integration should format as &quot;in N days&quot; for future dates" name="days_until integration should format as &quot;in N days&quot; for future dates" time="0.011">
    </testcase>
    <testcase classname="days_until integration should handle specific timezone" name="days_until integration should handle specific timezone" time="0.008">
    </testcase>
    <testcase classname="days_until integration should use UTC when timezone is empty string" name="days_until integration should use UTC when timezone is empty string" time="0.012">
    </testcase>
    <testcase classname="days_until integration should throw error for missing target_date" name="days_until integration should throw error for missing target_date" time="0.004">
    </testcase>
    <testcase classname="days_until integration should throw error for invalid date" name="days_until integration should throw error for invalid date" time="0.008">
    </testcase>
    <testcase classname="days_until integration should throw error for invalid timezone" name="days_until integration should throw error for invalid timezone" time="0.008">
    </testcase>
    <testcase classname="days_until integration should handle Christmas countdown" name="days_until integration should handle Christmas countdown" time="0.007">
    </testcase>
    <testcase classname="days_until integration should handle event planning with formatted output" name="days_until integration should handle event planning with formatted output" time="0.004">
    </testcase>
  </testsuite>
  <testsuite name="formatTime" errors="0" failures="0" skipped="0" timestamp="2025-07-30T23:35:12" time="0.348" tests="37">
    <testcase classname="formatTime Relative formatting should format future time relatively" name="formatTime Relative formatting should format future time relatively" time="0.013">
    </testcase>
    <testcase classname="formatTime Relative formatting should format past time relatively" name="formatTime Relative formatting should format past time relatively" time="0.006">
    </testcase>
    <testcase classname="formatTime Relative formatting should format same day time relatively" name="formatTime Relative formatting should format same day time relatively" time="0.002">
    </testcase>
    <testcase classname="formatTime Relative formatting should format tomorrow relatively" name="formatTime Relative formatting should format tomorrow relatively" time="0.007">
    </testcase>
    <testcase classname="formatTime Relative formatting should format yesterday relatively" name="formatTime Relative formatting should format yesterday relatively" time="0.002">
    </testcase>
    <testcase classname="formatTime Relative formatting should handle relative formatting with timezone" name="formatTime Relative formatting should handle relative formatting with timezone" time="0.006">
    </testcase>
    <testcase classname="formatTime Calendar formatting should format time in calendar style" name="formatTime Calendar formatting should format time in calendar style" time="0.007">
    </testcase>
    <testcase classname="formatTime Calendar formatting should handle calendar format for past dates" name="formatTime Calendar formatting should handle calendar format for past dates" time="0.002">
    </testcase>
    <testcase classname="formatTime Custom formatting should format with custom format string" name="formatTime Custom formatting should format with custom format string" time="0.007">
    </testcase>
    <testcase classname="formatTime Custom formatting should support various custom formats" name="formatTime Custom formatting should support various custom formats" time="0.006">
    </testcase>
    <testcase classname="formatTime Custom formatting should handle custom format with timezone" name="formatTime Custom formatting should handle custom format with timezone" time="0.002">
    </testcase>
    <testcase classname="formatTime Custom formatting should handle escaped text in custom format" name="formatTime Custom formatting should handle escaped text in custom format" time="0.001">
    </testcase>
    <testcase classname="formatTime Timezone handling should format in specified timezone" name="formatTime Timezone handling should format in specified timezone" time="0.001">
    </testcase>
    <testcase classname="formatTime Timezone handling should show correct timezone offset" name="formatTime Timezone handling should show correct timezone offset" time="0.002">
    </testcase>
    <testcase classname="formatTime Timezone handling should handle UTC timezone" name="formatTime Timezone handling should handle UTC timezone" time="0.001">
    </testcase>
    <testcase classname="formatTime Input validation should handle various input time formats" name="formatTime Input validation should handle various input time formats" time="0.004">
    </testcase>
    <testcase classname="formatTime Input validation should handle unix timestamp" name="formatTime Input validation should handle unix timestamp" time="0.001">
    </testcase>
    <testcase classname="formatTime Error handling should throw error for invalid format type" name="formatTime Error handling should throw error for invalid format type" time="0.003">
    </testcase>
    <testcase classname="formatTime Error handling should throw error for missing custom_format when format is custom" name="formatTime Error handling should throw error for missing custom_format when format is custom" time="0.002">
    </testcase>
    <testcase classname="formatTime Error handling should throw error for empty custom_format" name="formatTime Error handling should throw error for empty custom_format" time="0.001">
    </testcase>
    <testcase classname="formatTime Error handling should throw error for invalid time" name="formatTime Error handling should throw error for invalid time" time="0.001">
    </testcase>
    <testcase classname="formatTime Error handling should throw error for invalid timezone" name="formatTime Error handling should throw error for invalid timezone" time="0.002">
    </testcase>
    <testcase classname="formatTime Caching should cache results for 5 minutes" name="formatTime Caching should cache results for 5 minutes" time="0.003">
    </testcase>
    <testcase classname="formatTime Caching should return cached result if available" name="formatTime Caching should return cached result if available" time="0.002">
    </testcase>
    <testcase classname="formatTime Caching should use different cache keys for different parameters" name="formatTime Caching should use different cache keys for different parameters" time="0.002">
    </testcase>
    <testcase classname="formatTime Edge cases should handle invalid date gracefully" name="formatTime Edge cases should handle invalid date gracefully" time="0.001">
    </testcase>
    <testcase classname="formatTime Edge cases should handle very old dates" name="formatTime Edge cases should handle very old dates" time="0.001">
    </testcase>
    <testcase classname="formatTime Edge cases should handle far future dates" name="formatTime Edge cases should handle far future dates" time="0.001">
    </testcase>
    <testcase classname="formatTime Edge cases should format case-insensitively" name="formatTime Edge cases should format case-insensitively" time="0.001">
    </testcase>
    <testcase classname="formatTime Response format should return all required fields" name="formatTime Response format should return all required fields" time="0.003">
    </testcase>
    <testcase classname="formatTime Response format should preserve original time in ISO format" name="formatTime Response format should preserve original time in ISO format" time="0.001">
    </testcase>
    <testcase classname="formatTime System timezone defaults should use system timezone when no timezone parameter provided" name="formatTime System timezone defaults should use system timezone when no timezone parameter provided" time="0.002">
    </testcase>
    <testcase classname="formatTime System timezone defaults should still use UTC when empty string timezone provided (backward compatibility)" name="formatTime System timezone defaults should still use UTC when empty string timezone provided (backward compatibility)" time="0.001">
    </testcase>
    <testcase classname="formatTime System timezone defaults should use explicit timezone parameter over system default" name="formatTime System timezone defaults should use explicit timezone parameter over system default" time="0.001">
    </testcase>
    <testcase classname="formatTime System timezone defaults should apply system timezone for custom format" name="formatTime System timezone defaults should apply system timezone for custom format" time="0.003">
    </testcase>
    <testcase classname="formatTime System timezone defaults should apply system timezone for calendar format" name="formatTime System timezone defaults should apply system timezone for calendar format" time="0.001">
    </testcase>
    <testcase classname="formatTime System timezone defaults should handle system timezone in cache key" name="formatTime System timezone defaults should handle system timezone in cache key" time="0.002">
    </testcase>
  </testsuite>
  <testsuite name="get_business_days with holiday calendars - Integration" errors="0" failures="0" skipped="0" timestamp="2025-07-30T23:35:12" time="0.419" tests="13">
    <testcase classname="get_business_days with holiday calendars - Integration US holiday calendar should calculate business days excluding US holidays" name="get_business_days with holiday calendars - Integration US holiday calendar should calculate business days excluding US holidays" time="0.018">
    </testcase>
    <testcase classname="get_business_days with holiday calendars - Integration US holiday calendar should handle observed holidays" name="get_business_days with holiday calendars - Integration US holiday calendar should handle observed holidays" time="0.006">
    </testcase>
    <testcase classname="get_business_days with holiday calendars - Integration US holiday calendar should respect include_observed parameter" name="get_business_days with holiday calendars - Integration US holiday calendar should respect include_observed parameter" time="0.005">
    </testcase>
    <testcase classname="get_business_days with holiday calendars - Integration UK holiday calendar should calculate business days excluding UK holidays" name="get_business_days with holiday calendars - Integration UK holiday calendar should calculate business days excluding UK holidays" time="0.009">
    </testcase>
    <testcase classname="get_business_days with holiday calendars - Integration UK holiday calendar should handle UK bank holiday observation rules" name="get_business_days with holiday calendars - Integration UK holiday calendar should handle UK bank holiday observation rules" time="0.014">
    </testcase>
    <testcase classname="get_business_days with holiday calendars - Integration combining holiday sources should combine calendar and custom holidays" name="get_business_days with holiday calendars - Integration combining holiday sources should combine calendar and custom holidays" time="0.009">
    </testcase>
    <testcase classname="get_business_days with holiday calendars - Integration combining holiday sources should not double-count duplicate holidays" name="get_business_days with holiday calendars - Integration combining holiday sources should not double-count duplicate holidays" time="0.009">
    </testcase>
    <testcase classname="get_business_days with holiday calendars - Integration combining holiday sources should combine all three holiday sources" name="get_business_days with holiday calendars - Integration combining holiday sources should combine all three holiday sources" time="0.02">
    </testcase>
    <testcase classname="get_business_days with holiday calendars - Integration timezone handling should handle holidays correctly with timezone specified" name="get_business_days with holiday calendars - Integration timezone handling should handle holidays correctly with timezone specified" time="0.01">
    </testcase>
    <testcase classname="get_business_days with holiday calendars - Integration timezone handling should handle cross-timezone date ranges" name="get_business_days with holiday calendars - Integration timezone handling should handle cross-timezone date ranges" time="0.005">
    </testcase>
    <testcase classname="get_business_days with holiday calendars - Integration unknown country handling should gracefully handle unknown country codes" name="get_business_days with holiday calendars - Integration unknown country handling should gracefully handle unknown country codes" time="0.005">
    </testcase>
    <testcase classname="get_business_days with holiday calendars - Integration performance with multiple years should handle multi-year date ranges efficiently" name="get_business_days with holiday calendars - Integration performance with multiple years should handle multi-year date ranges efficiently" time="0.009">
    </testcase>
    <testcase classname="get_business_days with holiday calendars - Integration error handling should handle invalid custom holiday dates" name="get_business_days with holiday calendars - Integration error handling should handle invalid custom holiday dates" time="0.01">
    </testcase>
  </testsuite>
  <testsuite name="calculateBusinessHours - Timezone Edge Cases" errors="0" failures="0" skipped="0" timestamp="2025-07-30T23:35:13" time="0.301" tests="4">
    <testcase classname="calculateBusinessHours - Timezone Edge Cases should handle times in different timezone contexts correctly" name="calculateBusinessHours - Timezone Edge Cases should handle times in different timezone contexts correctly" time="0.008">
    </testcase>
    <testcase classname="calculateBusinessHours - Timezone Edge Cases should handle UTC times converted to business timezone" name="calculateBusinessHours - Timezone Edge Cases should handle UTC times converted to business timezone" time="0.002">
    </testcase>
    <testcase classname="calculateBusinessHours - Timezone Edge Cases should handle times with explicit timezone offsets" name="calculateBusinessHours - Timezone Edge Cases should handle times with explicit timezone offsets" time="0.001">
    </testcase>
    <testcase classname="calculateBusinessHours - Timezone Edge Cases should handle cross-day business hours in different timezones" name="calculateBusinessHours - Timezone Edge Cases should handle cross-day business hours in different timezones" time="0.002">
    </testcase>
  </testsuite>
  <testsuite name="Performance Benchmarks" errors="0" failures="0" skipped="0" timestamp="2025-07-30T23:35:13" time="0.275" tests="9">
    <testcase classname="Performance Benchmarks Cached responses should be &lt; 1ms getCurrentTime - cached" name="Performance Benchmarks Cached responses should be &lt; 1ms getCurrentTime - cached" time="0.007">
    </testcase>
    <testcase classname="Performance Benchmarks Cached responses should be &lt; 1ms getBusinessDays - cached" name="Performance Benchmarks Cached responses should be &lt; 1ms getBusinessDays - cached" time="0.005">
    </testcase>
    <testcase classname="Performance Benchmarks Fresh calculations should be &lt; 10ms getCurrentTime - fresh" name="Performance Benchmarks Fresh calculations should be &lt; 10ms getCurrentTime - fresh" time="0.001">
    </testcase>
    <testcase classname="Performance Benchmarks Fresh calculations should be &lt; 10ms convertTimezone - fresh" name="Performance Benchmarks Fresh calculations should be &lt; 10ms convertTimezone - fresh" time="0.004">
    </testcase>
    <testcase classname="Performance Benchmarks Fresh calculations should be &lt; 10ms calculateDuration - fresh" name="Performance Benchmarks Fresh calculations should be &lt; 10ms calculateDuration - fresh" time="0.003">
    </testcase>
    <testcase classname="Performance Benchmarks Complex operations should be &lt; 50ms getBusinessDays with holidays - fresh" name="Performance Benchmarks Complex operations should be &lt; 50ms getBusinessDays with holidays - fresh" time="0.004">
    </testcase>
    <testcase classname="Performance Benchmarks Complex operations should be &lt; 50ms calculateBusinessHours with holidays - fresh" name="Performance Benchmarks Complex operations should be &lt; 50ms calculateBusinessHours with holidays - fresh" time="0.016">
    </testcase>
    <testcase classname="Performance Benchmarks Complex operations should be &lt; 50ms getBusinessDays with Easter holidays - fresh" name="Performance Benchmarks Complex operations should be &lt; 50ms getBusinessDays with Easter holidays - fresh" time="0.012">
    </testcase>
    <testcase classname="Performance Benchmarks Batch operations performance 100 getCurrentTime calls should average &lt; 1ms each" name="Performance Benchmarks Batch operations performance 100 getCurrentTime calls should average &lt; 1ms each" time="0.018">
    </testcase>
  </testsuite>
  <testsuite name="Cache Key Sanitization" errors="0" failures="0" skipped="0" timestamp="2025-07-30T23:35:12" time="0.92" tests="10">
    <testcase classname="Cache Key Sanitization Cache key hashing should hash cache keys to prevent filesystem issues" name="Cache Key Sanitization Cache key hashing should hash cache keys to prevent filesystem issues" time="0.016">
    </testcase>
    <testcase classname="Cache Key Sanitization Cache key hashing should generate different hashes for different inputs" name="Cache Key Sanitization Cache key hashing should generate different hashes for different inputs" time="0.006">
    </testcase>
    <testcase classname="Cache Key Sanitization Cache key hashing should handle filesystem-problematic characters in cache keys" name="Cache Key Sanitization Cache key hashing should handle filesystem-problematic characters in cache keys" time="0.006">
    </testcase>
    <testcase classname="Cache Key Sanitization Cache key hashing should handle timezone strings with various valid characters" name="Cache Key Sanitization Cache key hashing should handle timezone strings with various valid characters" time="0.01">
    </testcase>
    <testcase classname="Cache Key Sanitization Cache key hashing should handle long but valid format strings" name="Cache Key Sanitization Cache key hashing should handle long but valid format strings" time="0.002">
    </testcase>
    <testcase classname="Cache Key Sanitization Cache key hashing should handle all parameter combinations" name="Cache Key Sanitization Cache key hashing should handle all parameter combinations" time="0.001">
    </testcase>
    <testcase classname="Cache Key Sanitization Cache key hashing should produce consistent hashes for the same input" name="Cache Key Sanitization Cache key hashing should produce consistent hashes for the same input" time="0.002">
    </testcase>
    <testcase classname="Cache Key Sanitization Cache key hashing should work correctly with cache get operations" name="Cache Key Sanitization Cache key hashing should work correctly with cache get operations" time="0.002">
    </testcase>
    <testcase classname="Cache Key Sanitization Cross-tool consistency should use the same hashing method across all tools" name="Cache Key Sanitization Cross-tool consistency should use the same hashing method across all tools" time="0.007">
    </testcase>
    <testcase classname="Cache Key Sanitization Performance considerations should hash keys efficiently" name="Cache Key Sanitization Performance considerations should hash keys efficiently" time="0.313">
    </testcase>
  </testsuite>
  <testsuite name="getBusinessDays" errors="0" failures="0" skipped="0" timestamp="2025-07-30T23:35:13" time="0.338" tests="37">
    <testcase classname="getBusinessDays Basic functionality should calculate business days for a typical work week" name="getBusinessDays Basic functionality should calculate business days for a typical work week" time="0.01">
    </testcase>
    <testcase classname="getBusinessDays Basic functionality should exclude weekends by default" name="getBusinessDays Basic functionality should exclude weekends by default" time="0.002">
    </testcase>
    <testcase classname="getBusinessDays Basic functionality should include weekends when exclude_weekends is false" name="getBusinessDays Basic functionality should include weekends when exclude_weekends is false" time="0.002">
    </testcase>
    <testcase classname="getBusinessDays Basic functionality should handle same day interval" name="getBusinessDays Basic functionality should handle same day interval" time="0.002">
    </testcase>
    <testcase classname="getBusinessDays Basic functionality should handle weekend same day interval" name="getBusinessDays Basic functionality should handle weekend same day interval" time="0.002">
    </testcase>
    <testcase classname="getBusinessDays Holiday handling should exclude holidays from business days" name="getBusinessDays Holiday handling should exclude holidays from business days" time="0.002">
    </testcase>
    <testcase classname="getBusinessDays Holiday handling should handle multiple holidays" name="getBusinessDays Holiday handling should handle multiple holidays" time="0.047">
    </testcase>
    <testcase classname="getBusinessDays Holiday handling should not count holidays on weekends" name="getBusinessDays Holiday handling should not count holidays on weekends" time="0.007">
    </testcase>
    <testcase classname="getBusinessDays Holiday handling should handle holidays outside the date range" name="getBusinessDays Holiday handling should handle holidays outside the date range" time="0.002">
    </testcase>
    <testcase classname="getBusinessDays Holiday handling should count holidays when exclude_weekends is false" name="getBusinessDays Holiday handling should count holidays when exclude_weekends is false" time="0.001">
    </testcase>
    <testcase classname="getBusinessDays Date format handling should handle ISO date with time" name="getBusinessDays Date format handling should handle ISO date with time" time="0.002">
    </testcase>
    <testcase classname="getBusinessDays Date format handling should handle dates with timezone offset" name="getBusinessDays Date format handling should handle dates with timezone offset" time="0.001">
    </testcase>
    <testcase classname="getBusinessDays Date format handling should handle Unix timestamp strings" name="getBusinessDays Date format handling should handle Unix timestamp strings" time="0.001">
    </testcase>
    <testcase classname="getBusinessDays Date format handling should handle mixed date formats" name="getBusinessDays Date format handling should handle mixed date formats" time="0.001">
    </testcase>
    <testcase classname="getBusinessDays Timezone handling should interpret dates in specified timezone" name="getBusinessDays Timezone handling should interpret dates in specified timezone" time="0.002">
    </testcase>
    <testcase classname="getBusinessDays Timezone handling should handle dates that span different days in different timezones" name="getBusinessDays Timezone handling should handle dates that span different days in different timezones" time="0.002">
    </testcase>
    <testcase classname="getBusinessDays Timezone handling should handle DST transitions" name="getBusinessDays Timezone handling should handle DST transitions" time="0.002">
    </testcase>
    <testcase classname="getBusinessDays Timezone handling should use UTC when timezone not specified" name="getBusinessDays Timezone handling should use UTC when timezone not specified" time="0.001">
    </testcase>
    <testcase classname="getBusinessDays Edge cases should handle end date before start date" name="getBusinessDays Edge cases should handle end date before start date" time="0.001">
    </testcase>
    <testcase classname="getBusinessDays Edge cases should handle month boundaries" name="getBusinessDays Edge cases should handle month boundaries" time="0.002">
    </testcase>
    <testcase classname="getBusinessDays Edge cases should handle year boundaries" name="getBusinessDays Edge cases should handle year boundaries" time="0.001">
    </testcase>
    <testcase classname="getBusinessDays Edge cases should handle leap year" name="getBusinessDays Edge cases should handle leap year" time="0.001">
    </testcase>
    <testcase classname="getBusinessDays Edge cases should handle very long date ranges" name="getBusinessDays Edge cases should handle very long date ranges" time="0.004">
    </testcase>
    <testcase classname="getBusinessDays Error handling should throw error for invalid start date" name="getBusinessDays Error handling should throw error for invalid start date" time="0.002">
    </testcase>
    <testcase classname="getBusinessDays Error handling should throw error for invalid end date" name="getBusinessDays Error handling should throw error for invalid end date" time="0.001">
    </testcase>
    <testcase classname="getBusinessDays Error handling should throw error for invalid timezone" name="getBusinessDays Error handling should throw error for invalid timezone" time="0.002">
    </testcase>
    <testcase classname="getBusinessDays Error handling should throw error for invalid holiday date" name="getBusinessDays Error handling should throw error for invalid holiday date" time="0.001">
    </testcase>
    <testcase classname="getBusinessDays Error handling should handle empty holiday array" name="getBusinessDays Error handling should handle empty holiday array" time="0.002">
    </testcase>
    <testcase classname="getBusinessDays Caching should cache results for 24 hours" name="getBusinessDays Caching should cache results for 24 hours" time="0.002">
    </testcase>
    <testcase classname="getBusinessDays Caching should return cached result if available" name="getBusinessDays Caching should return cached result if available" time="0.001">
    </testcase>
    <testcase classname="getBusinessDays Caching should use different cache keys for different parameters" name="getBusinessDays Caching should use different cache keys for different parameters" time="0.002">
    </testcase>
    <testcase classname="getBusinessDays Response format should return all required fields" name="getBusinessDays Response format should return all required fields" time="0.003">
    </testcase>
    <testcase classname="getBusinessDays Response format should ensure counts add up correctly" name="getBusinessDays Response format should ensure counts add up correctly" time="0.001">
    </testcase>
    <testcase classname="getBusinessDays System timezone defaults should use system timezone when no timezone parameter provided" name="getBusinessDays System timezone defaults should use system timezone when no timezone parameter provided" time="0.001">
    </testcase>
    <testcase classname="getBusinessDays System timezone defaults should use explicit timezone parameter over system default" name="getBusinessDays System timezone defaults should use explicit timezone parameter over system default" time="0.002">
    </testcase>
    <testcase classname="getBusinessDays System timezone defaults should use UTC when empty string timezone provided" name="getBusinessDays System timezone defaults should use UTC when empty string timezone provided" time="0.001">
    </testcase>
    <testcase classname="getBusinessDays System timezone defaults should handle timezone-sensitive date boundaries" name="getBusinessDays System timezone defaults should handle timezone-sensitive date boundaries" time="0.001">
    </testcase>
  </testsuite>
  <testsuite name="Holiday Data Verification" errors="0" failures="0" skipped="0" timestamp="2025-07-30T23:35:13" time="0.238" tests="59">
    <testcase classname="Holiday Data Verification 2025 Holiday Verification US holidays should have the correct number of holidays" name="Holiday Data Verification 2025 Holiday Verification US holidays should have the correct number of holidays" time="0.007">
    </testcase>
    <testcase classname="Holiday Data Verification 2025 Holiday Verification US holidays should have New Year&apos;s Day on 2025-01-01" name="Holiday Data Verification 2025 Holiday Verification US holidays should have New Year&apos;s Day on 2025-01-01" time="0.001">
    </testcase>
    <testcase classname="Holiday Data Verification 2025 Holiday Verification US holidays should have Martin Luther King Jr. Day on 2025-01-20" name="Holiday Data Verification 2025 Holiday Verification US holidays should have Martin Luther King Jr. Day on 2025-01-20" time="0.001">
    </testcase>
    <testcase classname="Holiday Data Verification 2025 Holiday Verification US holidays should have Presidents Day on 2025-02-17" name="Holiday Data Verification 2025 Holiday Verification US holidays should have Presidents Day on 2025-02-17" time="0">
    </testcase>
    <testcase classname="Holiday Data Verification 2025 Holiday Verification US holidays should have Memorial Day on 2025-05-26" name="Holiday Data Verification 2025 Holiday Verification US holidays should have Memorial Day on 2025-05-26" time="0.002">
    </testcase>
    <testcase classname="Holiday Data Verification 2025 Holiday Verification US holidays should have Juneteenth on 2025-06-19" name="Holiday Data Verification 2025 Holiday Verification US holidays should have Juneteenth on 2025-06-19" time="0.001">
    </testcase>
    <testcase classname="Holiday Data Verification 2025 Holiday Verification US holidays should have Independence Day on 2025-07-04" name="Holiday Data Verification 2025 Holiday Verification US holidays should have Independence Day on 2025-07-04" time="0.001">
    </testcase>
    <testcase classname="Holiday Data Verification 2025 Holiday Verification US holidays should have Labor Day on 2025-09-01" name="Holiday Data Verification 2025 Holiday Verification US holidays should have Labor Day on 2025-09-01" time="0.001">
    </testcase>
    <testcase classname="Holiday Data Verification 2025 Holiday Verification US holidays should have Columbus Day on 2025-10-13" name="Holiday Data Verification 2025 Holiday Verification US holidays should have Columbus Day on 2025-10-13" time="0">
    </testcase>
    <testcase classname="Holiday Data Verification 2025 Holiday Verification US holidays should have Veterans Day on 2025-11-11" name="Holiday Data Verification 2025 Holiday Verification US holidays should have Veterans Day on 2025-11-11" time="0.002">
    </testcase>
    <testcase classname="Holiday Data Verification 2025 Holiday Verification US holidays should have Thanksgiving on 2025-11-27" name="Holiday Data Verification 2025 Holiday Verification US holidays should have Thanksgiving on 2025-11-27" time="0">
    </testcase>
    <testcase classname="Holiday Data Verification 2025 Holiday Verification US holidays should have Christmas Day on 2025-12-25" name="Holiday Data Verification 2025 Holiday Verification US holidays should have Christmas Day on 2025-12-25" time="0.001">
    </testcase>
    <testcase classname="Holiday Data Verification 2025 Holiday Verification UK holidays should have the correct number of holidays" name="Holiday Data Verification 2025 Holiday Verification UK holidays should have the correct number of holidays" time="0">
    </testcase>
    <testcase classname="Holiday Data Verification 2025 Holiday Verification UK holidays should have New Year&apos;s Day on 2025-01-01" name="Holiday Data Verification 2025 Holiday Verification UK holidays should have New Year&apos;s Day on 2025-01-01" time="0">
    </testcase>
    <testcase classname="Holiday Data Verification 2025 Holiday Verification UK holidays should have Good Friday on 2025-04-18" name="Holiday Data Verification 2025 Holiday Verification UK holidays should have Good Friday on 2025-04-18" time="0.001">
    </testcase>
    <testcase classname="Holiday Data Verification 2025 Holiday Verification UK holidays should have Easter Monday on 2025-04-21" name="Holiday Data Verification 2025 Holiday Verification UK holidays should have Easter Monday on 2025-04-21" time="0">
    </testcase>
    <testcase classname="Holiday Data Verification 2025 Holiday Verification UK holidays should have Early May Bank Holiday on 2025-05-05" name="Holiday Data Verification 2025 Holiday Verification UK holidays should have Early May Bank Holiday on 2025-05-05" time="0.001">
    </testcase>
    <testcase classname="Holiday Data Verification 2025 Holiday Verification UK holidays should have Spring Bank Holiday on 2025-05-26" name="Holiday Data Verification 2025 Holiday Verification UK holidays should have Spring Bank Holiday on 2025-05-26" time="0">
    </testcase>
    <testcase classname="Holiday Data Verification 2025 Holiday Verification UK holidays should have Summer Bank Holiday on 2025-08-25" name="Holiday Data Verification 2025 Holiday Verification UK holidays should have Summer Bank Holiday on 2025-08-25" time="0.001">
    </testcase>
    <testcase classname="Holiday Data Verification 2025 Holiday Verification UK holidays should have Christmas Day on 2025-12-25" name="Holiday Data Verification 2025 Holiday Verification UK holidays should have Christmas Day on 2025-12-25" time="0">
    </testcase>
    <testcase classname="Holiday Data Verification 2025 Holiday Verification UK holidays should have Boxing Day on 2025-12-26" name="Holiday Data Verification 2025 Holiday Verification UK holidays should have Boxing Day on 2025-12-26" time="0.001">
    </testcase>
    <testcase classname="Holiday Data Verification 2025 Holiday Verification CA holidays should have the correct number of holidays" name="Holiday Data Verification 2025 Holiday Verification CA holidays should have the correct number of holidays" time="0.001">
    </testcase>
    <testcase classname="Holiday Data Verification 2025 Holiday Verification CA holidays should have New Year&apos;s Day on 2025-01-01" name="Holiday Data Verification 2025 Holiday Verification CA holidays should have New Year&apos;s Day on 2025-01-01" time="0.001">
    </testcase>
    <testcase classname="Holiday Data Verification 2025 Holiday Verification CA holidays should have Good Friday on 2025-04-18" name="Holiday Data Verification 2025 Holiday Verification CA holidays should have Good Friday on 2025-04-18" time="0">
    </testcase>
    <testcase classname="Holiday Data Verification 2025 Holiday Verification CA holidays should have Victoria Day on 2025-05-19" name="Holiday Data Verification 2025 Holiday Verification CA holidays should have Victoria Day on 2025-05-19" time="0">
    </testcase>
    <testcase classname="Holiday Data Verification 2025 Holiday Verification CA holidays should have Canada Day on 2025-07-01" name="Holiday Data Verification 2025 Holiday Verification CA holidays should have Canada Day on 2025-07-01" time="0.001">
    </testcase>
    <testcase classname="Holiday Data Verification 2025 Holiday Verification CA holidays should have Labour Day on 2025-09-01" name="Holiday Data Verification 2025 Holiday Verification CA holidays should have Labour Day on 2025-09-01" time="0">
    </testcase>
    <testcase classname="Holiday Data Verification 2025 Holiday Verification CA holidays should have Thanksgiving on 2025-10-13" name="Holiday Data Verification 2025 Holiday Verification CA holidays should have Thanksgiving on 2025-10-13" time="0.001">
    </testcase>
    <testcase classname="Holiday Data Verification 2025 Holiday Verification CA holidays should have Remembrance Day on 2025-11-11" name="Holiday Data Verification 2025 Holiday Verification CA holidays should have Remembrance Day on 2025-11-11" time="0">
    </testcase>
    <testcase classname="Holiday Data Verification 2025 Holiday Verification CA holidays should have Christmas Day on 2025-12-25" name="Holiday Data Verification 2025 Holiday Verification CA holidays should have Christmas Day on 2025-12-25" time="0.001">
    </testcase>
    <testcase classname="Holiday Data Verification 2025 Holiday Verification CA holidays should have Boxing Day on 2025-12-26" name="Holiday Data Verification 2025 Holiday Verification CA holidays should have Boxing Day on 2025-12-26" time="0">
    </testcase>
    <testcase classname="Holiday Data Verification 2025 Holiday Verification AU holidays should have the correct number of holidays" name="Holiday Data Verification 2025 Holiday Verification AU holidays should have the correct number of holidays" time="0.001">
    </testcase>
    <testcase classname="Holiday Data Verification 2025 Holiday Verification AU holidays should have New Year&apos;s Day on 2025-01-01" name="Holiday Data Verification 2025 Holiday Verification AU holidays should have New Year&apos;s Day on 2025-01-01" time="0">
    </testcase>
    <testcase classname="Holiday Data Verification 2025 Holiday Verification AU holidays should have Australia Day on 2025-01-26" name="Holiday Data Verification 2025 Holiday Verification AU holidays should have Australia Day on 2025-01-26" time="0">
    </testcase>
    <testcase classname="Holiday Data Verification 2025 Holiday Verification AU holidays should have Good Friday on 2025-04-18" name="Holiday Data Verification 2025 Holiday Verification AU holidays should have Good Friday on 2025-04-18" time="0.001">
    </testcase>
    <testcase classname="Holiday Data Verification 2025 Holiday Verification AU holidays should have Easter Saturday on 2025-04-19" name="Holiday Data Verification 2025 Holiday Verification AU holidays should have Easter Saturday on 2025-04-19" time="0">
    </testcase>
    <testcase classname="Holiday Data Verification 2025 Holiday Verification AU holidays should have Easter Monday on 2025-04-21" name="Holiday Data Verification 2025 Holiday Verification AU holidays should have Easter Monday on 2025-04-21" time="0.001">
    </testcase>
    <testcase classname="Holiday Data Verification 2025 Holiday Verification AU holidays should have Anzac Day on 2025-04-25" name="Holiday Data Verification 2025 Holiday Verification AU holidays should have Anzac Day on 2025-04-25" time="0">
    </testcase>
    <testcase classname="Holiday Data Verification 2025 Holiday Verification AU holidays should have Queen&apos;s Birthday on 2025-06-09" name="Holiday Data Verification 2025 Holiday Verification AU holidays should have Queen&apos;s Birthday on 2025-06-09" time="0.001">
    </testcase>
[...]
    </testcase>
    <testcase classname="MCP Server with Rate Limiting Rate limiting on tool calls should deny requests when rate limit exceeded" name="MCP Server with Rate Limiting Rate limiting on tool calls should deny requests when rate limit exceeded" time="0.003">
    </testcase>
    <testcase classname="MCP Server with Rate Limiting Rate limiting on tool calls should not apply rate limiting to tools/list" name="MCP Server with Rate Limiting Rate limiting on tool calls should not apply rate limiting to tools/list" time="0.003">
    </testcase>
    <testcase classname="MCP Server with Rate Limiting Rate limiting on tool calls should track each tool call separately" name="MCP Server with Rate Limiting Rate limiting on tool calls should track each tool call separately" time="0.002">
    </testcase>
    <testcase classname="MCP Server with Rate Limiting Rate limiting on tool calls should create rate limiter with environment configuration" name="MCP Server with Rate Limiting Rate limiting on tool calls should create rate limiter with environment configuration" time="0.002">
    </testcase>
    <testcase classname="MCP Server with Rate Limiting Error handling with rate limiting should handle tool errors normally when under rate limit" name="MCP Server with Rate Limiting Error handling with rate limiting should handle tool errors normally when under rate limit" time="0.002">
    </testcase>
  </testsuite>
  <testsuite name="addTime validation helpers" errors="0" failures="0" skipped="0" timestamp="2025-07-30T23:35:13" time="0.211" tests="8">
    <testcase classname="addTime validation helpers validateUnit should accept valid units" name="addTime validation helpers validateUnit should accept valid units" time="0.002">
    </testcase>
    <testcase classname="addTime validation helpers validateUnit should throw for invalid unit" name="addTime validation helpers validateUnit should throw for invalid unit" time="0.002">
    </testcase>
    <testcase classname="addTime validation helpers validateUnit should throw with correct error code and message" name="addTime validation helpers validateUnit should throw with correct error code and message" time="0.001">
    </testcase>
    <testcase classname="addTime validation helpers validateAmount should accept valid numbers" name="addTime validation helpers validateAmount should accept valid numbers" time="0.001">
    </testcase>
    <testcase classname="addTime validation helpers validateAmount should throw for NaN" name="addTime validation helpers validateAmount should throw for NaN" time="0.001">
    </testcase>
    <testcase classname="addTime validation helpers validateAmount should throw for Infinity" name="addTime validation helpers validateAmount should throw for Infinity" time="0.001">
    </testcase>
    <testcase classname="addTime validation helpers validateAmount should throw with correct error code and message" name="addTime validation helpers validateAmount should throw with correct error code and message" time="0">
    </testcase>
    <testcase classname="addTime validation helpers Debug logging should log validation attempts" name="addTime validation helpers Debug logging should log validation attempts" time="0">
    </testcase>
  </testsuite>
  <testsuite name="serverConfig environment variable support" errors="0" failures="0" skipped="0" timestamp="2025-07-30T23:35:13" time="0.109" tests="8">
    <testcase classname="serverConfig environment variable support MAX_LISTENERS environment variable should use MAX_LISTENERS from environment when set" name="serverConfig environment variable support MAX_LISTENERS environment variable should use MAX_LISTENERS from environment when set" time="0.002">
    </testcase>
    <testcase classname="serverConfig environment variable support MAX_LISTENERS environment variable should use default value (20) when MAX_LISTENERS not set" name="serverConfig environment variable support MAX_LISTENERS environment variable should use default value (20) when MAX_LISTENERS not set" time="0.001">
    </testcase>
    <testcase classname="serverConfig environment variable support MAX_LISTENERS environment variable should handle invalid MAX_LISTENERS gracefully" name="serverConfig environment variable support MAX_LISTENERS environment variable should handle invalid MAX_LISTENERS gracefully" time="0.001">
    </testcase>
    <testcase classname="serverConfig environment variable support MAX_LISTENERS environment variable should enforce minimum value of 10" name="serverConfig environment variable support MAX_LISTENERS environment variable should enforce minimum value of 10" time="0.001">
    </testcase>
    <testcase classname="serverConfig environment variable support MAX_LISTENERS environment variable should handle very large values" name="serverConfig environment variable support MAX_LISTENERS environment variable should handle very large values" time="0.001">
    </testcase>
    <testcase classname="serverConfig environment variable support MAX_LISTENERS environment variable should handle zero as invalid and use default" name="serverConfig environment variable support MAX_LISTENERS environment variable should handle zero as invalid and use default" time="0.001">
    </testcase>
    <testcase classname="serverConfig environment variable support MAX_LISTENERS environment variable should handle negative values as invalid" name="serverConfig environment variable support MAX_LISTENERS environment variable should handle negative values as invalid" time="0.001">
    </testcase>
    <testcase classname="serverConfig environment variable support MAX_LISTENERS environment variable should parse decimal values as integers" name="serverConfig environment variable support MAX_LISTENERS environment variable should parse decimal values as integers" time="0.001">
    </testcase>
  </testsuite>
  <testsuite name="addTime date parsing helper" errors="0" failures="0" skipped="0" timestamp="2025-07-30T23:35:13" time="0.197" tests="9">
    <testcase classname="addTime date parsing helper parseDateWithTimezone should parse Unix timestamp" name="addTime date parsing helper parseDateWithTimezone should parse Unix timestamp" time="0.002">
    </testcase>
    <testcase classname="addTime date parsing helper parseDateWithTimezone should parse Unix timestamp with timezone parameter" name="addTime date parsing helper parseDateWithTimezone should parse Unix timestamp with timezone parameter" time="0.001">
    </testcase>
    <testcase classname="addTime date parsing helper parseDateWithTimezone should parse ISO string with Z suffix" name="addTime date parsing helper parseDateWithTimezone should parse ISO string with Z suffix" time="0.001">
    </testcase>
    <testcase classname="addTime date parsing helper parseDateWithTimezone should parse ISO string with Z suffix and timezone parameter" name="addTime date parsing helper parseDateWithTimezone should parse ISO string with Z suffix and timezone parameter" time="0.001">
    </testcase>
    <testcase classname="addTime date parsing helper parseDateWithTimezone should parse string with explicit offset" name="addTime date parsing helper parseDateWithTimezone should parse string with explicit offset" time="0.001">
    </testcase>
    <testcase classname="addTime date parsing helper parseDateWithTimezone should parse local time string" name="addTime date parsing helper parseDateWithTimezone should parse local time string" time="0.002">
    </testcase>
    <testcase classname="addTime date parsing helper parseDateWithTimezone should throw for invalid date format" name="addTime date parsing helper parseDateWithTimezone should throw for invalid date format" time="0.002">
    </testcase>
    <testcase classname="addTime date parsing helper parseDateWithTimezone should throw for invalid Unix timestamp" name="addTime date parsing helper parseDateWithTimezone should throw for invalid Unix timestamp" time="0.001">
    </testcase>
    <testcase classname="addTime date parsing helper parseDateWithTimezone Debug logging should log parsing attempts" name="addTime date parsing helper parseDateWithTimezone Debug logging should log parsing attempts" time="0">
    </testcase>
  </testsuite>
  <testsuite name="SlidingWindowRateLimiter Environment Variables" errors="0" failures="0" skipped="0" timestamp="2025-07-30T23:35:13" time="0.076" tests="8">
    <testcase classname="SlidingWindowRateLimiter Environment Variables environment variable handling should use environment variables when no constructor params provided" name="SlidingWindowRateLimiter Environment Variables environment variable handling should use environment variables when no constructor params provided" time="0.002">
    </testcase>
    <testcase classname="SlidingWindowRateLimiter Environment Variables environment variable handling should use defaults when environment variables are not set" name="SlidingWindowRateLimiter Environment Variables environment variable handling should use defaults when environment variables are not set" time="0.001">
    </testcase>
    <testcase classname="SlidingWindowRateLimiter Environment Variables environment variable handling should prefer constructor parameters over environment variables" name="SlidingWindowRateLimiter Environment Variables environment variable handling should prefer constructor parameters over environment variables" time="0.001">
    </testcase>
    <testcase classname="SlidingWindowRateLimiter Environment Variables environment variable handling should handle invalid environment variable values gracefully" name="SlidingWindowRateLimiter Environment Variables environment variable handling should handle invalid environment variable values gracefully" time="0">
    </testcase>
    <testcase classname="SlidingWindowRateLimiter Environment Variables environment variable handling should handle empty string environment variables" name="SlidingWindowRateLimiter Environment Variables environment variable handling should handle empty string environment variables" time="0.001">
    </testcase>
    <testcase classname="SlidingWindowRateLimiter Environment Variables environment variable handling should handle negative values in environment variables" name="SlidingWindowRateLimiter Environment Variables environment variable handling should handle negative values in environment variables" time="0.001">
    </testcase>
    <testcase classname="SlidingWindowRateLimiter Environment Variables environment variable handling should handle zero values in environment variables" name="SlidingWindowRateLimiter Environment Variables environment variable handling should handle zero values in environment variables" time="0">
    </testcase>
    <testcase classname="SlidingWindowRateLimiter Environment Variables environment variable handling should handle floating point values in environment variables" name="SlidingWindowRateLimiter Environment Variables environment variable handling should handle floating point values in environment variables" time="0.001">
    </testcase>
  </testsuite>
  <testsuite name="RecurrenceFactory" errors="0" failures="0" skipped="0" timestamp="2025-07-30T23:35:13" time="0.249" tests="15">
    <testcase classname="RecurrenceFactory pattern selection should create DailyRecurrence for daily pattern" name="RecurrenceFactory pattern selection should create DailyRecurrence for daily pattern" time="0.002">
    </testcase>
    <testcase classname="RecurrenceFactory pattern selection should create WeeklyRecurrence for weekly pattern" name="RecurrenceFactory pattern selection should create WeeklyRecurrence for weekly pattern" time="0">
    </testcase>
    <testcase classname="RecurrenceFactory pattern selection should create MonthlyRecurrence for monthly pattern" name="RecurrenceFactory pattern selection should create MonthlyRecurrence for monthly pattern" time="0.001">
    </testcase>
    <testcase classname="RecurrenceFactory pattern selection should create YearlyRecurrence for yearly pattern" name="RecurrenceFactory pattern selection should create YearlyRecurrence for yearly pattern" time="0.001">
    </testcase>
    <testcase classname="RecurrenceFactory validation should validate params before creating instance" name="RecurrenceFactory validation should validate params before creating instance" time="0.001">
    </testcase>
    <testcase classname="RecurrenceFactory validation should throw validation error for invalid pattern" name="RecurrenceFactory validation should throw validation error for invalid pattern" time="0.001">
    </testcase>
    <testcase classname="RecurrenceFactory validation should throw validation error for missing required fields" name="RecurrenceFactory validation should throw validation error for missing required fields" time="0">
    </testcase>
    <testcase classname="RecurrenceFactory calculate method should validate and calculate in one step" name="RecurrenceFactory calculate method should validate and calculate in one step" time="0">
    </testcase>
    <testcase classname="RecurrenceFactory calculate method should handle weekly calculation" name="RecurrenceFactory calculate method should handle weekly calculation" time="0.001">
    </testcase>
    <testcase classname="RecurrenceFactory calculate method should handle monthly calculation" name="RecurrenceFactory calculate method should handle monthly calculation" time="0.001">
    </testcase>
    <testcase classname="RecurrenceFactory calculate method should handle yearly calculation" name="RecurrenceFactory calculate method should handle yearly calculation" time="0.001">
    </testcase>
    <testcase classname="RecurrenceFactory calculate method should throw for invalid params in calculate" name="RecurrenceFactory calculate method should throw for invalid params in calculate" time="0">
    </testcase>
    <testcase classname="RecurrenceFactory timezone handling should pass timezone to recurrence instance" name="RecurrenceFactory timezone handling should pass timezone to recurrence instance" time="0.002">
    </testcase>
    <testcase classname="RecurrenceFactory timezone handling should handle UTC timezone (empty string)" name="RecurrenceFactory timezone handling should handle UTC timezone (empty string)" time="0">
    </testcase>
    <testcase classname="RecurrenceFactory timezone handling should use system timezone when undefined" name="RecurrenceFactory timezone handling should use system timezone when undefined" time="0.001">
    </testcase>
  </testsuite>
  <testsuite name="MCP Security Tests - Attack Vectors" errors="0" failures="0" skipped="0" timestamp="2025-07-30T23:35:02" time="20.496" tests="20">
    <testcase classname="MCP Security Tests - Attack Vectors Path Traversal Attacks should reject path traversal in date parameters" name="MCP Security Tests - Attack Vectors Path Traversal Attacks should reject path traversal in date parameters" time="0.073">
    </testcase>
    <testcase classname="MCP Security Tests - Attack Vectors Path Traversal Attacks should reject path traversal in timezone parameters" name="MCP Security Tests - Attack Vectors Path Traversal Attacks should reject path traversal in timezone parameters" time="0.017">
    </testcase>
    <testcase classname="MCP Security Tests - Attack Vectors SQL Injection Attacks should reject SQL injection in timezone" name="MCP Security Tests - Attack Vectors SQL Injection Attacks should reject SQL injection in timezone" time="0.013">
    </testcase>
    <testcase classname="MCP Security Tests - Attack Vectors SQL Injection Attacks should reject SQL injection in date parameters" name="MCP Security Tests - Attack Vectors SQL Injection Attacks should reject SQL injection in date parameters" time="0.01">
    </testcase>
    <testcase classname="MCP Security Tests - Attack Vectors XSS Attacks should sanitize XSS attempts in format strings" name="MCP Security Tests - Attack Vectors XSS Attacks should sanitize XSS attempts in format strings" time="0.012">
    </testcase>
    <testcase classname="MCP Security Tests - Attack Vectors XSS Attacks should reject XSS in timezone parameters" name="MCP Security Tests - Attack Vectors XSS Attacks should reject XSS in timezone parameters" time="0.012">
    </testcase>
    <testcase classname="MCP Security Tests - Attack Vectors Command Injection Attacks should reject command injection via timezone" name="MCP Security Tests - Attack Vectors Command Injection Attacks should reject command injection via timezone" time="0.005">
    </testcase>
    <testcase classname="MCP Security Tests - Attack Vectors Command Injection Attacks should safely handle command injection in format strings" name="MCP Security Tests - Attack Vectors Command Injection Attacks should safely handle command injection in format strings" time="0.011">
    </testcase>
    <testcase classname="MCP Security Tests - Attack Vectors DoS Attack Vectors should handle extremely long timezone strings" name="MCP Security Tests - Attack Vectors DoS Attack Vectors should handle extremely long timezone strings" time="0.006">
    </testcase>
    <testcase classname="MCP Security Tests - Attack Vectors DoS Attack Vectors should handle extremely large date ranges" name="MCP Security Tests - Attack Vectors DoS Attack Vectors should handle extremely large date ranges" time="10.318">
    </testcase>
    <testcase classname="MCP Security Tests - Attack Vectors DoS Attack Vectors should handle large holiday arrays" name="MCP Security Tests - Attack Vectors DoS Attack Vectors should handle large holiday arrays" time="0.005">
    </testcase>
    <testcase classname="MCP Security Tests - Attack Vectors Prototype Pollution Attacks should ignore __proto__ in parameters" name="MCP Security Tests - Attack Vectors Prototype Pollution Attacks should ignore __proto__ in parameters" time="0.005">
    </testcase>
    <testcase classname="MCP Security Tests - Attack Vectors Prototype Pollution Attacks should ignore constructor.prototype in parameters" name="MCP Security Tests - Attack Vectors Prototype Pollution Attacks should ignore constructor.prototype in parameters" time="0.006">
    </testcase>
    <testcase classname="MCP Security Tests - Attack Vectors Invalid Input Handling should handle null timezone gracefully" name="MCP Security Tests - Attack Vectors Invalid Input Handling should handle null timezone gracefully" time="0.004">
    </testcase>
    <testcase classname="MCP Security Tests - Attack Vectors Invalid Input Handling should reject non-string date inputs" name="MCP Security Tests - Attack Vectors Invalid Input Handling should reject non-string date inputs" time="0.004">
    </testcase>
    <testcase classname="MCP Security Tests - Attack Vectors Invalid Input Handling should handle negative amount overflow" name="MCP Security Tests - Attack Vectors Invalid Input Handling should handle negative amount overflow" time="0.004">
    </testcase>
    <testcase classname="MCP Security Tests - Attack Vectors Invalid Input Handling should validate unit types strictly" name="MCP Security Tests - Attack Vectors Invalid Input Handling should validate unit types strictly" time="0.003">
    </testcase>
    <testcase classname="MCP Security Tests - Attack Vectors Cache Key Attacks should sanitize cache keys with null bytes" name="MCP Security Tests - Attack Vectors Cache Key Attacks should sanitize cache keys with null bytes" time="0.003">
    </testcase>
    <testcase classname="MCP Security Tests - Attack Vectors Cache Key Attacks should reject cache keys with path traversal" name="MCP Security Tests - Attack Vectors Cache Key Attacks should reject cache keys with path traversal" time="0.003">
    </testcase>
    <testcase classname="MCP Security Tests - Attack Vectors Cache Key Attacks should prevent cache poisoning attempts" name="MCP Security Tests - Attack Vectors Cache Key Attacks should prevent cache poisoning attempts" time="0.004">
    </testcase>
  </testsuite>
</testsuites>